Arguments: 
  /home/kgrant/.nvm/versions/node/v16.6.1/bin/node /home/kgrant/.nvm/versions/node/v16.6.1/bin/yarn add nuxt

PATH: 
  /home/kgrant/.nvm/versions/node/v16.6.1/bin:/usr/local/sbin:/usr/local/bin:/usr/sbin:/usr/bin:/sbin:/bin:/usr/games:/usr/local/games:/mnt/c/Program Files/WindowsApps/CanonicalGroupLimited.UbuntuonWindows_2004.2021.222.0_x64__79rhkp1fndgsc:/mnt/c/Windows/system32:/mnt/c/Windows:/mnt/c/Windows/System32/Wbem:/mnt/c/Windows/System32/WindowsPowerShell/v1.0/:/mnt/c/Windows/System32/OpenSSH/:/mnt/c/Users/Kimarley/AppData/Local/Microsoft/WindowsApps:/mnt/c/Users/Kimarley/AppData/Local/Programs/Microsoft VS Code/bin:/snap/bin

Yarn version: 
  1.22.11

Node version: 
  16.6.1

Platform: 
  linux x64

Trace: 
  SyntaxError: /home/kgrant/cars/package.json: Unexpected end of JSON input
      at JSON.parse (<anonymous>)
      at /home/kgrant/.nvm/versions/node/v16.6.1/lib/node_modules/yarn/lib/cli.js:1625:59
      at Generator.next (<anonymous>)
      at step (/home/kgrant/.nvm/versions/node/v16.6.1/lib/node_modules/yarn/lib/cli.js:310:30)
      at /home/kgrant/.nvm/versions/node/v16.6.1/lib/node_modules/yarn/lib/cli.js:321:13

npm manifest: 
  

yarn manifest: 
  No manifest

Lockfile: 
  No lockfile
